#! /c/Source/iverilog-install/bin/vvp
:ivl_version "12.0 (devel)" "(s20150603-1539-g2693dd32b)";
:ivl_delay_selection "TYPICAL";
:vpi_time_precision - 9;
:vpi_module "C:\iverilog\lib\ivl\system.vpi";
:vpi_module "C:\iverilog\lib\ivl\vhdl_sys.vpi";
:vpi_module "C:\iverilog\lib\ivl\vhdl_textio.vpi";
:vpi_module "C:\iverilog\lib\ivl\v2005_math.vpi";
:vpi_module "C:\iverilog\lib\ivl\va_math.vpi";
S_0000026a4fcb6d60 .scope module, "tb" "tb" 2 2;
 .timescale -9 -9;
v0000026a4fcb69e0_0 .var "a", 7 0;
    .scope S_0000026a4fcb6d60;
T_0 ;
    %vpi_call 2 5 "$dumpfile", "wave.vcd" {0 0 0};
    %vpi_call 2 6 "$dumpvars", 32'sb00000000000000000000000000000000, S_0000026a4fcb6d60 {0 0 0};
    %pushi/vec4 10, 0, 8;
    %store/vec4 v0000026a4fcb69e0_0, 0, 8;
    %delay 5, 0;
    %pushi/vec4 20, 0, 8;
    %store/vec4 v0000026a4fcb69e0_0, 0, 8;
    %delay 6, 0;
    %pushi/vec4 30, 0, 8;
    %store/vec4 v0000026a4fcb69e0_0, 0, 8;
    %delay 50, 0;
    %vpi_call 2 10 "$finish" {0 0 0};
    %end;
    .thread T_0;
    .scope S_0000026a4fcb6d60;
T_1 ;
    %vpi_call 2 13 "$printtimescale" {0 0 0};
    %vpi_call 2 14 "$monitor", "time=%0t,a=%d\012", $realtime, v0000026a4fcb69e0_0 {0 0 0};
    %end;
    .thread T_1;
# The file index is used to find the file name in the following table.
:file_names 3;
    "N/A";
    "<interactive>";
    "timescale_tb.v";
